<?xml version="1.0" encoding="UTF-8"?>
<!-- Generated by org.testng.reporters.JUnitReportReporter -->
<testsuite hostname="Techmojo" name="com.create.MID.CreateMID" tests="3" failures="0" timestamp="1 Nov 2017 10:45:46 GMT" time="71.529" errors="0">
  <testcase name="createMID" time="71.522" classname="com.create.MID.CreateMID"/>
  <testcase name="createChannel_Solution" time="0.005" classname="com.create.MID.CreateMID"/>
  <testcase name="createChannel_Solution" time="0.002" classname="com.create.MID.CreateMID"/>
</testsuite> <!-- com.create.MID.CreateMID -->
